  Mai.cpp
C:\Users\현상\Desktop\Programming_27\KOF-by-TWMBGM\KOF by TWMBGM\210317_WinAPI\Mai.cpp(25,29): warning C4244: '=': 'float'에서 'LONG'(으)로 변환하면서 데이터가 손실될 수 있습니다.
C:\Users\현상\Desktop\Programming_27\KOF-by-TWMBGM\KOF by TWMBGM\210317_WinAPI\Mai.cpp(26,30): warning C4244: '=': 'float'에서 'LONG'(으)로 변환하면서 데이터가 손실될 수 있습니다.
C:\Users\현상\Desktop\Programming_27\KOF-by-TWMBGM\KOF by TWMBGM\210317_WinAPI\Mai.cpp(27,29): warning C4244: '=': 'float'에서 'LONG'(으)로 변환하면서 데이터가 손실될 수 있습니다.
C:\Users\현상\Desktop\Programming_27\KOF-by-TWMBGM\KOF by TWMBGM\210317_WinAPI\Mai.cpp(28,31): warning C4244: '=': 'float'에서 'LONG'(으)로 변환하면서 데이터가 손실될 수 있습니다.
C:\Users\현상\Desktop\Programming_27\KOF-by-TWMBGM\KOF by TWMBGM\210317_WinAPI\Mai.cpp(67,6): warning C4244: '인수': 'double'에서 'int'(으)로 변환하면서 데이터가 손실될 수 있습니다.
C:\Users\현상\Desktop\Programming_27\KOF-by-TWMBGM\KOF by TWMBGM\210317_WinAPI\Mai.cpp(73,6): warning C4244: '인수': 'double'에서 'int'(으)로 변환하면서 데이터가 손실될 수 있습니다.
C:\Users\현상\Desktop\Programming_27\KOF-by-TWMBGM\KOF by TWMBGM\210317_WinAPI\Mai.cpp(79,6): warning C4244: '인수': 'double'에서 'int'(으)로 변환하면서 데이터가 손실될 수 있습니다.
C:\Users\현상\Desktop\Programming_27\KOF-by-TWMBGM\KOF by TWMBGM\210317_WinAPI\Mai.cpp(85,6): warning C4244: '인수': 'double'에서 'int'(으)로 변환하면서 데이터가 손실될 수 있습니다.
C:\Users\현상\Desktop\Programming_27\KOF-by-TWMBGM\KOF by TWMBGM\210317_WinAPI\Mai.cpp(104,30): warning C4244: '=': 'float'에서 'LONG'(으)로 변환하면서 데이터가 손실될 수 있습니다.
C:\Users\현상\Desktop\Programming_27\KOF-by-TWMBGM\KOF by TWMBGM\210317_WinAPI\Mai.cpp(105,31): warning C4244: '=': 'float'에서 'LONG'(으)로 변환하면서 데이터가 손실될 수 있습니다.
C:\Users\현상\Desktop\Programming_27\KOF-by-TWMBGM\KOF by TWMBGM\210317_WinAPI\Mai.cpp(106,30): warning C4244: '=': 'float'에서 'LONG'(으)로 변환하면서 데이터가 손실될 수 있습니다.
C:\Users\현상\Desktop\Programming_27\KOF-by-TWMBGM\KOF by TWMBGM\210317_WinAPI\Mai.cpp(107,32): warning C4244: '=': 'float'에서 'LONG'(으)로 변환하면서 데이터가 손실될 수 있습니다.
C:\Users\현상\Desktop\Programming_27\KOF-by-TWMBGM\KOF by TWMBGM\210317_WinAPI\Mai.cpp(110,30): warning C4244: '=': 'float'에서 'LONG'(으)로 변환하면서 데이터가 손실될 수 있습니다.
C:\Users\현상\Desktop\Programming_27\KOF-by-TWMBGM\KOF by TWMBGM\210317_WinAPI\Mai.cpp(111,31): warning C4244: '=': 'float'에서 'LONG'(으)로 변환하면서 데이터가 손실될 수 있습니다.
C:\Users\현상\Desktop\Programming_27\KOF-by-TWMBGM\KOF by TWMBGM\210317_WinAPI\Mai.cpp(112,30): warning C4244: '=': 'float'에서 'LONG'(으)로 변환하면서 데이터가 손실될 수 있습니다.
C:\Users\현상\Desktop\Programming_27\KOF-by-TWMBGM\KOF by TWMBGM\210317_WinAPI\Mai.cpp(113,32): warning C4244: '=': 'float'에서 'LONG'(으)로 변환하면서 데이터가 손실될 수 있습니다.
C:\Users\현상\Desktop\Programming_27\KOF-by-TWMBGM\KOF by TWMBGM\210317_WinAPI\Mai.cpp(116,30): warning C4244: '=': 'float'에서 'LONG'(으)로 변환하면서 데이터가 손실될 수 있습니다.
C:\Users\현상\Desktop\Programming_27\KOF-by-TWMBGM\KOF by TWMBGM\210317_WinAPI\Mai.cpp(117,31): warning C4244: '=': 'float'에서 'LONG'(으)로 변환하면서 데이터가 손실될 수 있습니다.
C:\Users\현상\Desktop\Programming_27\KOF-by-TWMBGM\KOF by TWMBGM\210317_WinAPI\Mai.cpp(118,30): warning C4244: '=': 'float'에서 'LONG'(으)로 변환하면서 데이터가 손실될 수 있습니다.
C:\Users\현상\Desktop\Programming_27\KOF-by-TWMBGM\KOF by TWMBGM\210317_WinAPI\Mai.cpp(119,32): warning C4244: '=': 'float'에서 'LONG'(으)로 변환하면서 데이터가 손실될 수 있습니다.
C:\Users\현상\Desktop\Programming_27\KOF-by-TWMBGM\KOF by TWMBGM\210317_WinAPI\Mai.cpp(129,30): warning C4244: '=': 'float'에서 'LONG'(으)로 변환하면서 데이터가 손실될 수 있습니다.
C:\Users\현상\Desktop\Programming_27\KOF-by-TWMBGM\KOF by TWMBGM\210317_WinAPI\Mai.cpp(130,31): warning C4244: '=': 'float'에서 'LONG'(으)로 변환하면서 데이터가 손실될 수 있습니다.
C:\Users\현상\Desktop\Programming_27\KOF-by-TWMBGM\KOF by TWMBGM\210317_WinAPI\Mai.cpp(131,30): warning C4244: '=': 'float'에서 'LONG'(으)로 변환하면서 데이터가 손실될 수 있습니다.
C:\Users\현상\Desktop\Programming_27\KOF-by-TWMBGM\KOF by TWMBGM\210317_WinAPI\Mai.cpp(132,32): warning C4244: '=': 'float'에서 'LONG'(으)로 변환하면서 데이터가 손실될 수 있습니다.
C:\Users\현상\Desktop\Programming_27\KOF-by-TWMBGM\KOF by TWMBGM\210317_WinAPI\Mai.cpp(134,31): warning C4244: '=': 'float'에서 'LONG'(으)로 변환하면서 데이터가 손실될 수 있습니다.
C:\Users\현상\Desktop\Programming_27\KOF-by-TWMBGM\KOF by TWMBGM\210317_WinAPI\Mai.cpp(135,31): warning C4244: '=': 'float'에서 'LONG'(으)로 변환하면서 데이터가 손실될 수 있습니다.
C:\Users\현상\Desktop\Programming_27\KOF-by-TWMBGM\KOF by TWMBGM\210317_WinAPI\Mai.cpp(136,29): warning C4244: '=': 'float'에서 'LONG'(으)로 변환하면서 데이터가 손실될 수 있습니다.
C:\Users\현상\Desktop\Programming_27\KOF-by-TWMBGM\KOF by TWMBGM\210317_WinAPI\Mai.cpp(137,32): warning C4244: '=': 'float'에서 'LONG'(으)로 변환하면서 데이터가 손실될 수 있습니다.
C:\Users\현상\Desktop\Programming_27\KOF-by-TWMBGM\KOF by TWMBGM\210317_WinAPI\Mai.cpp(140,30): warning C4244: '=': 'float'에서 'LONG'(으)로 변환하면서 데이터가 손실될 수 있습니다.
C:\Users\현상\Desktop\Programming_27\KOF-by-TWMBGM\KOF by TWMBGM\210317_WinAPI\Mai.cpp(141,31): warning C4244: '=': 'float'에서 'LONG'(으)로 변환하면서 데이터가 손실될 수 있습니다.
C:\Users\현상\Desktop\Programming_27\KOF-by-TWMBGM\KOF by TWMBGM\210317_WinAPI\Mai.cpp(142,30): warning C4244: '=': 'float'에서 'LONG'(으)로 변환하면서 데이터가 손실될 수 있습니다.
C:\Users\현상\Desktop\Programming_27\KOF-by-TWMBGM\KOF by TWMBGM\210317_WinAPI\Mai.cpp(143,32): warning C4244: '=': 'float'에서 'LONG'(으)로 변환하면서 데이터가 손실될 수 있습니다.
C:\Users\현상\Desktop\Programming_27\KOF-by-TWMBGM\KOF by TWMBGM\210317_WinAPI\Mai.cpp(145,31): warning C4244: '=': 'float'에서 'LONG'(으)로 변환하면서 데이터가 손실될 수 있습니다.
C:\Users\현상\Desktop\Programming_27\KOF-by-TWMBGM\KOF by TWMBGM\210317_WinAPI\Mai.cpp(146,31): warning C4244: '=': 'float'에서 'LONG'(으)로 변환하면서 데이터가 손실될 수 있습니다.
C:\Users\현상\Desktop\Programming_27\KOF-by-TWMBGM\KOF by TWMBGM\210317_WinAPI\Mai.cpp(147,29): warning C4244: '=': 'float'에서 'LONG'(으)로 변환하면서 데이터가 손실될 수 있습니다.
C:\Users\현상\Desktop\Programming_27\KOF-by-TWMBGM\KOF by TWMBGM\210317_WinAPI\Mai.cpp(148,32): warning C4244: '=': 'float'에서 'LONG'(으)로 변환하면서 데이터가 손실될 수 있습니다.
C:\Users\현상\Desktop\Programming_27\KOF-by-TWMBGM\KOF by TWMBGM\210317_WinAPI\Mai.cpp(151,30): warning C4244: '=': 'float'에서 'LONG'(으)로 변환하면서 데이터가 손실될 수 있습니다.
C:\Users\현상\Desktop\Programming_27\KOF-by-TWMBGM\KOF by TWMBGM\210317_WinAPI\Mai.cpp(152,31): warning C4244: '=': 'float'에서 'LONG'(으)로 변환하면서 데이터가 손실될 수 있습니다.
C:\Users\현상\Desktop\Programming_27\KOF-by-TWMBGM\KOF by TWMBGM\210317_WinAPI\Mai.cpp(153,30): warning C4244: '=': 'float'에서 'LONG'(으)로 변환하면서 데이터가 손실될 수 있습니다.
C:\Users\현상\Desktop\Programming_27\KOF-by-TWMBGM\KOF by TWMBGM\210317_WinAPI\Mai.cpp(154,32): warning C4244: '=': 'float'에서 'LONG'(으)로 변환하면서 데이터가 손실될 수 있습니다.
C:\Users\현상\Desktop\Programming_27\KOF-by-TWMBGM\KOF by TWMBGM\210317_WinAPI\Mai.cpp(156,31): warning C4244: '=': 'float'에서 'LONG'(으)로 변환하면서 데이터가 손실될 수 있습니다.
C:\Users\현상\Desktop\Programming_27\KOF-by-TWMBGM\KOF by TWMBGM\210317_WinAPI\Mai.cpp(157,31): warning C4244: '=': 'float'에서 'LONG'(으)로 변환하면서 데이터가 손실될 수 있습니다.
C:\Users\현상\Desktop\Programming_27\KOF-by-TWMBGM\KOF by TWMBGM\210317_WinAPI\Mai.cpp(158,30): warning C4244: '=': 'float'에서 'LONG'(으)로 변환하면서 데이터가 손실될 수 있습니다.
C:\Users\현상\Desktop\Programming_27\KOF-by-TWMBGM\KOF by TWMBGM\210317_WinAPI\Mai.cpp(159,32): warning C4244: '=': 'float'에서 'LONG'(으)로 변환하면서 데이터가 손실될 수 있습니다.
C:\Users\현상\Desktop\Programming_27\KOF-by-TWMBGM\KOF by TWMBGM\210317_WinAPI\Mai.cpp(162,30): warning C4244: '=': 'float'에서 'LONG'(으)로 변환하면서 데이터가 손실될 수 있습니다.
C:\Users\현상\Desktop\Programming_27\KOF-by-TWMBGM\KOF by TWMBGM\210317_WinAPI\Mai.cpp(163,31): warning C4244: '=': 'float'에서 'LONG'(으)로 변환하면서 데이터가 손실될 수 있습니다.
C:\Users\현상\Desktop\Programming_27\KOF-by-TWMBGM\KOF by TWMBGM\210317_WinAPI\Mai.cpp(164,30): warning C4244: '=': 'float'에서 'LONG'(으)로 변환하면서 데이터가 손실될 수 있습니다.
C:\Users\현상\Desktop\Programming_27\KOF-by-TWMBGM\KOF by TWMBGM\210317_WinAPI\Mai.cpp(165,32): warning C4244: '=': 'float'에서 'LONG'(으)로 변환하면서 데이터가 손실될 수 있습니다.
C:\Users\현상\Desktop\Programming_27\KOF-by-TWMBGM\KOF by TWMBGM\210317_WinAPI\Mai.cpp(167,31): warning C4244: '=': 'float'에서 'LONG'(으)로 변환하면서 데이터가 손실될 수 있습니다.
C:\Users\현상\Desktop\Programming_27\KOF-by-TWMBGM\KOF by TWMBGM\210317_WinAPI\Mai.cpp(168,31): warning C4244: '=': 'float'에서 'LONG'(으)로 변환하면서 데이터가 손실될 수 있습니다.
C:\Users\현상\Desktop\Programming_27\KOF-by-TWMBGM\KOF by TWMBGM\210317_WinAPI\Mai.cpp(169,29): warning C4244: '=': 'float'에서 'LONG'(으)로 변환하면서 데이터가 손실될 수 있습니다.
C:\Users\현상\Desktop\Programming_27\KOF-by-TWMBGM\KOF by TWMBGM\210317_WinAPI\Mai.cpp(170,32): warning C4244: '=': 'float'에서 'LONG'(으)로 변환하면서 데이터가 손실될 수 있습니다.
C:\Users\현상\Desktop\Programming_27\KOF-by-TWMBGM\KOF by TWMBGM\210317_WinAPI\Mai.cpp(285,35): warning C4244: '인수': 'float'에서 'int'(으)로 변환하면서 데이터가 손실될 수 있습니다.
C:\Users\현상\Desktop\Programming_27\KOF-by-TWMBGM\KOF by TWMBGM\210317_WinAPI\Mai.cpp(285,28): warning C4244: '인수': 'float'에서 'int'(으)로 변환하면서 데이터가 손실될 수 있습니다.
C:\Users\현상\Desktop\Programming_27\KOF-by-TWMBGM\KOF by TWMBGM\210317_WinAPI\Mai.cpp(289,41): warning C4244: '인수': 'float'에서 'int'(으)로 변환하면서 데이터가 손실될 수 있습니다.
C:\Users\현상\Desktop\Programming_27\KOF-by-TWMBGM\KOF by TWMBGM\210317_WinAPI\Mai.cpp(289,34): warning C4244: '인수': 'float'에서 'int'(으)로 변환하면서 데이터가 손실될 수 있습니다.
C:\Users\현상\Desktop\Programming_27\KOF-by-TWMBGM\KOF by TWMBGM\210317_WinAPI\Mai.cpp(293,40): warning C4244: '인수': 'float'에서 'int'(으)로 변환하면서 데이터가 손실될 수 있습니다.
C:\Users\현상\Desktop\Programming_27\KOF-by-TWMBGM\KOF by TWMBGM\210317_WinAPI\Mai.cpp(293,33): warning C4244: '인수': 'float'에서 'int'(으)로 변환하면서 데이터가 손실될 수 있습니다.
C:\Users\현상\Desktop\Programming_27\KOF-by-TWMBGM\KOF by TWMBGM\210317_WinAPI\Mai.cpp(298,54): warning C4244: '인수': 'float'에서 'int'(으)로 변환하면서 데이터가 손실될 수 있습니다.
C:\Users\현상\Desktop\Programming_27\KOF-by-TWMBGM\KOF by TWMBGM\210317_WinAPI\Mai.cpp(298,44): warning C4244: '인수': 'float'에서 'int'(으)로 변환하면서 데이터가 손실될 수 있습니다.
C:\Users\현상\Desktop\Programming_27\KOF-by-TWMBGM\KOF by TWMBGM\210317_WinAPI\Mai.cpp(303,53): warning C4244: '인수': 'float'에서 'int'(으)로 변환하면서 데이터가 손실될 수 있습니다.
C:\Users\현상\Desktop\Programming_27\KOF-by-TWMBGM\KOF by TWMBGM\210317_WinAPI\Mai.cpp(303,42): warning C4244: '인수': 'float'에서 'int'(으)로 변환하면서 데이터가 손실될 수 있습니다.
C:\Users\현상\Desktop\Programming_27\KOF-by-TWMBGM\KOF by TWMBGM\210317_WinAPI\Mai.cpp(308,54): warning C4244: '인수': 'float'에서 'int'(으)로 변환하면서 데이터가 손실될 수 있습니다.
C:\Users\현상\Desktop\Programming_27\KOF-by-TWMBGM\KOF by TWMBGM\210317_WinAPI\Mai.cpp(308,44): warning C4244: '인수': 'float'에서 'int'(으)로 변환하면서 데이터가 손실될 수 있습니다.
C:\Users\현상\Desktop\Programming_27\KOF-by-TWMBGM\KOF by TWMBGM\210317_WinAPI\Mai.cpp(313,52): warning C4244: '인수': 'float'에서 'int'(으)로 변환하면서 데이터가 손실될 수 있습니다.
C:\Users\현상\Desktop\Programming_27\KOF-by-TWMBGM\KOF by TWMBGM\210317_WinAPI\Mai.cpp(313,42): warning C4244: '인수': 'float'에서 'int'(으)로 변환하면서 데이터가 손실될 수 있습니다.
C:\Users\현상\Desktop\Programming_27\KOF-by-TWMBGM\KOF by TWMBGM\210317_WinAPI\Mai.cpp(316,43): warning C4244: '인수': 'float'에서 'int'(으)로 변환하면서 데이터가 손실될 수 있습니다.
C:\Users\현상\Desktop\Programming_27\KOF-by-TWMBGM\KOF by TWMBGM\210317_WinAPI\Mai.cpp(316,33): warning C4244: '인수': 'float'에서 'int'(으)로 변환하면서 데이터가 손실될 수 있습니다.
  210317_WinAPI.vcxproj -> C:\Users\현상\Desktop\Programming_27\KOF-by-TWMBGM\KOF by TWMBGM\x64\Debug\KOF by TWMBGM.exe
